# JRE version: Java(TM) SE Runtime Environment (8.0_171-b11) (build 1.8.0_171-b11)
# Java VM: Java HotSpot(TM) 64-Bit Server VM (25.171-b11 mixed mode linux-amd64 compressed oops)
Heap:
 PSYoungGen      total 304640K, used 342K [0x00000000e2100000, 0x00000000f4e80000, 0x0000000100000000)
  eden space 301056K, 0% used [0x00000000e2100000,0x00000000e2100000,0x00000000f4700000)
  from space 3584K, 9% used [0x00000000f4700000,0x00000000f47558a8,0x00000000f4a80000)
  to   space 3072K, 0% used [0x00000000f4a80000,0x00000000f4a80000,0x00000000f4d80000)
 ParOldGen       total 61440K, used 1960K [0x00000000a6200000, 0x00000000a9e00000, 0x00000000e2100000)
  object space 61440K, 3% used [0x00000000a6200000,0x00000000a63ea3a8,0x00000000a9e00000)
 Metaspace       used 12300K, capacity 12456K, committed 12672K, reserved 1060864K
  class space    used 1535K, capacity 1608K, committed 1664K, reserved 1048576K
GC Heap History (10 events):
Event: 2,776 GC heap after
Heap after GC invocations=6 (full 0):
 PSYoungGen      total 96768K, used 2074K [0x00000000e2100000, 0x00000000e8200000, 0x0000000100000000)
  eden space 94208K, 0% used [0x00000000e2100000,0x00000000e2100000,0x00000000e7d00000)
  from space 2560K, 81% used [0x00000000e7f80000,0x00000000e8186bd0,0x00000000e8200000)
  to   space 2560K, 0% used [0x00000000e7d00000,0x00000000e7d00000,0x00000000e7f80000)
 ParOldGen       total 61440K, used 32K [0x00000000a6200000, 0x00000000a9e00000, 0x00000000e2100000)
  object space 61440K, 0% used [0x00000000a6200000,0x00000000a6208000,0x00000000a9e00000)
 Metaspace       used 12296K, capacity 12456K, committed 12672K, reserved 1060864K
  class space    used 1535K, capacity 1608K, committed 1664K, reserved 1048576K
}
Event: 2,806 GC heap before
{Heap before GC invocations=7 (full 0):
 PSYoungGen      total 96768K, used 96217K [0x00000000e2100000, 0x00000000e8200000, 0x0000000100000000)
  eden space 94208K, 99% used [0x00000000e2100000,0x00000000e7cefb90,0x00000000e7d00000)
  from space 2560K, 81% used [0x00000000e7f80000,0x00000000e8186bd0,0x00000000e8200000)
  to   space 2560K, 0% used [0x00000000e7d00000,0x00000000e7d00000,0x00000000e7f80000)
 ParOldGen       total 61440K, used 32K [0x00000000a6200000, 0x00000000a9e00000, 0x00000000e2100000)
  object space 61440K, 0% used [0x00000000a6200000,0x00000000a6208000,0x00000000a9e00000)
 Metaspace       used 12300K, capacity 12456K, committed 12672K, reserved 1060864K
  class space    used 1535K, capacity 1608K, committed 1664K, reserved 1048576K
Event: 2,809 GC heap after
Heap after GC invocations=7 (full 0):
 PSYoungGen      total 96768K, used 373K [0x00000000e2100000, 0x00000000edf00000, 0x0000000100000000)
  eden space 94208K, 0% used [0x00000000e2100000,0x00000000e2100000,0x00000000e7d00000)
  from space 2560K, 14% used [0x00000000e7d00000,0x00000000e7d5d780,0x00000000e7f80000)
  to   space 3072K, 0% used [0x00000000edc00000,0x00000000edc00000,0x00000000edf00000)
 ParOldGen       total 61440K, used 1888K [0x00000000a6200000, 0x00000000a9e00000, 0x00000000e2100000)
  object space 61440K, 3% used [0x00000000a6200000,0x00000000a63d8378,0x00000000a9e00000)
 Metaspace       used 12300K, capacity 12456K, committed 12672K, reserved 1060864K
  class space    used 1535K, capacity 1608K, committed 1664K, reserved 1048576K
}
Event: 2,821 GC heap before
{Heap before GC invocations=8 (full 0):
 PSYoungGen      total 96768K, used 94283K [0x00000000e2100000, 0x00000000edf00000, 0x0000000100000000)
  eden space 94208K, 99% used [0x00000000e2100000,0x00000000e7cb5488,0x00000000e7d00000)
  from space 2560K, 14% used [0x00000000e7d00000,0x00000000e7d5d780,0x00000000e7f80000)
  to   space 3072K, 0% used [0x00000000edc00000,0x00000000edc00000,0x00000000edf00000)
 ParOldGen       total 61440K, used 1888K [0x00000000a6200000, 0x00000000a9e00000, 0x00000000e2100000)
  object space 61440K, 3% used [0x00000000a6200000,0x00000000a63d8378,0x00000000a9e00000)
 Metaspace       used 12300K, capacity 12456K, committed 12672K, reserved 1060864K
  class space    used 1535K, capacity 1608K, committed 1664K, reserved 1048576K
Event: 2,823 GC heap after
Heap after GC invocations=8 (full 0):
 PSYoungGen      total 191488K, used 604K [0x00000000e2100000, 0x00000000edf00000, 0x0000000100000000)
  eden space 188416K, 0% used [0x00000000e2100000,0x00000000e2100000,0x00000000ed900000)
  from space 3072K, 19% used [0x00000000edc00000,0x00000000edc97290,0x00000000edf00000)
  to   space 3072K, 0% used [0x00000000ed900000,0x00000000ed900000,0x00000000edc00000)
 ParOldGen       total 61440K, used 1888K [0x00000000a6200000, 0x00000000a9e00000, 0x00000000e2100000)
  object space 61440K, 3% used [0x00000000a6200000,0x00000000a63d8378,0x00000000a9e00000)
 Metaspace       used 12300K, capacity 12456K, committed 12672K, reserved 1060864K
  class space    used 1535K, capacity 1608K, committed 1664K, reserved 1048576K
}
Event: 3,036 GC heap before
{Heap before GC invocations=9 (full 0):
 PSYoungGen      total 191488K, used 188998K [0x00000000e2100000, 0x00000000edf00000, 0x0000000100000000)
  eden space 188416K, 99% used [0x00000000e2100000,0x00000000ed8fa788,0x00000000ed900000)
  from space 3072K, 19% used [0x00000000edc00000,0x00000000edc97290,0x00000000edf00000)
  to   space 3072K, 0% used [0x00000000ed900000,0x00000000ed900000,0x00000000edc00000)
 ParOldGen       total 61440K, used 1888K [0x00000000a6200000, 0x00000000a9e00000, 0x00000000e2100000)
  object space 61440K, 3% used [0x00000000a6200000,0x00000000a63d8378,0x00000000a9e00000)
 Metaspace       used 12300K, capacity 12456K, committed 12672K, reserved 1060864K
  class space    used 1535K, capacity 1608K, committed 1664K, reserved 1048576K
Event: 3,038 GC heap after
Heap after GC invocations=9 (full 0):
 PSYoungGen      total 191488K, used 559K [0x00000000e2100000, 0x00000000f4d80000, 0x0000000100000000)
  eden space 188416K, 0% used [0x00000000e2100000,0x00000000e2100000,0x00000000ed900000)
  from space 3072K, 18% used [0x00000000ed900000,0x00000000ed98bc10,0x00000000edc00000)
  to   space 3072K, 0% used [0x00000000f4a80000,0x00000000f4a80000,0x00000000f4d80000)
 ParOldGen       total 61440K, used 1904K [0x00000000a6200000, 0x00000000a9e00000, 0x00000000e2100000)
  object space 61440K, 3% used [0x00000000a6200000,0x00000000a63dc378,0x00000000a9e00000)
 Metaspace       used 12300K, capacity 12456K, committed 12672K, reserved 1060864K
  class space    used 1535K, capacity 1608K, committed 1664K, reserved 1048576K
}
Event: 3,074 GC heap before
{Heap before GC invocations=10 (full 0):
 PSYoungGen      total 191488K, used 188642K [0x00000000e2100000, 0x00000000f4d80000, 0x0000000100000000)
  eden space 188416K, 99% used [0x00000000e2100000,0x00000000ed8acde0,0x00000000ed900000)
  from space 3072K, 18% used [0x00000000ed900000,0x00000000ed98bc10,0x00000000edc00000)
  to   space 3072K, 0% used [0x00000000f4a80000,0x00000000f4a80000,0x00000000f4d80000)
 ParOldGen       total 61440K, used 1904K [0x00000000a6200000, 0x00000000a9e00000, 0x00000000e2100000)
  object space 61440K, 3% used [0x00000000a6200000,0x00000000a63dc378,0x00000000a9e00000)
 Metaspace       used 12300K, capacity 12456K, committed 12672K, reserved 1060864K
  class space    used 1535K, capacity 1608K, committed 1664K, reserved 1048576K
Event: 3,074 GC heap after
Heap after GC invocations=10 (full 0):
 PSYoungGen      total 304128K, used 692K [0x00000000e2100000, 0x00000000f4e80000, 0x0000000100000000)
  eden space 301056K, 0% used [0x00000000e2100000,0x00000000e2100000,0x00000000f4700000)
  from space 3072K, 22% used [0x00000000f4a80000,0x00000000f4b2d020,0x00000000f4d80000)
  to   space 3584K, 0% used [0x00000000f4700000,0x00000000f4700000,0x00000000f4a80000)
 ParOldGen       total 61440K, used 1912K [0x00000000a6200000, 0x00000000a9e00000, 0x00000000e2100000)
  object space 61440K, 3% used [0x00000000a6200000,0x00000000a63de378,0x00000000a9e00000)
 Metaspace       used 12300K, capacity 12456K, committed 12672K, reserved 1060864K
  class space    used 1535K, capacity 1608K, committed 1664K, reserved 1048576K
}
Event: 3,179 GC heap before
{Heap before GC invocations=11 (full 0):
 PSYoungGen      total 304128K, used 301697K [0x00000000e2100000, 0x00000000f4e80000, 0x0000000100000000)
  eden space 301056K, 99% used [0x00000000e2100000,0x00000000f46f34d0,0x00000000f4700000)
  from space 3072K, 22% used [0x00000000f4a80000,0x00000000f4b2d020,0x00000000f4d80000)
  to   space 3584K, 0% used [0x00000000f4700000,0x00000000f4700000,0x00000000f4a80000)
 ParOldGen       total 61440K, used 1912K [0x00000000a6200000, 0x00000000a9e00000, 0x00000000e2100000)
  object space 61440K, 3% used [0x00000000a6200000,0x00000000a63de378,0x00000000a9e00000)
 Metaspace       used 12300K, capacity 12456K, committed 12672K, reserved 1060864K
  class space    used 1535K, capacity 1608K, committed 1664K, reserved 1048576K

