# JRE version: Java(TM) SE Runtime Environment (8.0_171-b11) (build 1.8.0_171-b11)
# Java VM: Java HotSpot(TM) 64-Bit Server VM (25.171-b11 mixed mode linux-amd64 compressed oops)
Heap:
 PSYoungGen      total 305152K, used 994K [0x00000000e2100000, 0x00000000f4e80000, 0x0000000100000000)
  eden space 301568K, 0% used [0x00000000e2100000,0x00000000e2100000,0x00000000f4780000)
  from space 3584K, 27% used [0x00000000f4780000,0x00000000f4878a38,0x00000000f4b00000)
  to   space 3584K, 0% used [0x00000000f4b00000,0x00000000f4b00000,0x00000000f4e80000)
 ParOldGen       total 61440K, used 2013K [0x00000000a6200000, 0x00000000a9e00000, 0x00000000e2100000)
  object space 61440K, 3% used [0x00000000a6200000,0x00000000a63f76d0,0x00000000a9e00000)
 Metaspace       used 12311K, capacity 12462K, committed 12672K, reserved 1060864K
  class space    used 1536K, capacity 1609K, committed 1664K, reserved 1048576K
GC Heap History (10 events):
Event: 6,324 GC heap after
Heap after GC invocations=6 (full 0):
 PSYoungGen      total 96768K, used 2122K [0x00000000e2100000, 0x00000000e8200000, 0x0000000100000000)
  eden space 94208K, 0% used [0x00000000e2100000,0x00000000e2100000,0x00000000e7d00000)
  from space 2560K, 82% used [0x00000000e7f80000,0x00000000e8192be0,0x00000000e8200000)
  to   space 2560K, 0% used [0x00000000e7d00000,0x00000000e7d00000,0x00000000e7f80000)
 ParOldGen       total 61440K, used 48K [0x00000000a6200000, 0x00000000a9e00000, 0x00000000e2100000)
  object space 61440K, 0% used [0x00000000a6200000,0x00000000a620c000,0x00000000a9e00000)
 Metaspace       used 12307K, capacity 12462K, committed 12672K, reserved 1060864K
  class space    used 1536K, capacity 1609K, committed 1664K, reserved 1048576K
}
Event: 6,379 GC heap before
{Heap before GC invocations=7 (full 0):
 PSYoungGen      total 96768K, used 96256K [0x00000000e2100000, 0x00000000e8200000, 0x0000000100000000)
  eden space 94208K, 99% used [0x00000000e2100000,0x00000000e7ced460,0x00000000e7d00000)
  from space 2560K, 82% used [0x00000000e7f80000,0x00000000e8192be0,0x00000000e8200000)
  to   space 2560K, 0% used [0x00000000e7d00000,0x00000000e7d00000,0x00000000e7f80000)
 ParOldGen       total 61440K, used 48K [0x00000000a6200000, 0x00000000a9e00000, 0x00000000e2100000)
  object space 61440K, 0% used [0x00000000a6200000,0x00000000a620c000,0x00000000a9e00000)
 Metaspace       used 12310K, capacity 12462K, committed 12672K, reserved 1060864K
  class space    used 1536K, capacity 1609K, committed 1664K, reserved 1048576K
Event: 6,383 GC heap after
Heap after GC invocations=7 (full 0):
 PSYoungGen      total 96768K, used 357K [0x00000000e2100000, 0x00000000edf00000, 0x0000000100000000)
  eden space 94208K, 0% used [0x00000000e2100000,0x00000000e2100000,0x00000000e7d00000)
  from space 2560K, 13% used [0x00000000e7d00000,0x00000000e7d59790,0x00000000e7f80000)
  to   space 3072K, 0% used [0x00000000edc00000,0x00000000edc00000,0x00000000edf00000)
 ParOldGen       total 61440K, used 1941K [0x00000000a6200000, 0x00000000a9e00000, 0x00000000e2100000)
  object space 61440K, 3% used [0x00000000a6200000,0x00000000a63e56a0,0x00000000a9e00000)
 Metaspace       used 12310K, capacity 12462K, committed 12672K, reserved 1060864K
  class space    used 1536K, capacity 1609K, committed 1664K, reserved 1048576K
}
Event: 6,397 GC heap before
{Heap before GC invocations=8 (full 0):
 PSYoungGen      total 96768K, used 94504K [0x00000000e2100000, 0x00000000edf00000, 0x0000000100000000)
  eden space 94208K, 99% used [0x00000000e2100000,0x00000000e7cf0c20,0x00000000e7d00000)
  from space 2560K, 13% used [0x00000000e7d00000,0x00000000e7d59790,0x00000000e7f80000)
  to   space 3072K, 0% used [0x00000000edc00000,0x00000000edc00000,0x00000000edf00000)
 ParOldGen       total 61440K, used 1941K [0x00000000a6200000, 0x00000000a9e00000, 0x00000000e2100000)
  object space 61440K, 3% used [0x00000000a6200000,0x00000000a63e56a0,0x00000000a9e00000)
 Metaspace       used 12310K, capacity 12462K, committed 12672K, reserved 1060864K
  class space    used 1536K, capacity 1609K, committed 1664K, reserved 1048576K
Event: 6,399 GC heap after
Heap after GC invocations=8 (full 0):
 PSYoungGen      total 191488K, used 604K [0x00000000e2100000, 0x00000000edf00000, 0x0000000100000000)
  eden space 188416K, 0% used [0x00000000e2100000,0x00000000e2100000,0x00000000ed900000)
  from space 3072K, 19% used [0x00000000edc00000,0x00000000edc97288,0x00000000edf00000)
  to   space 3072K, 0% used [0x00000000ed900000,0x00000000ed900000,0x00000000edc00000)
 ParOldGen       total 61440K, used 1941K [0x00000000a6200000, 0x00000000a9e00000, 0x00000000e2100000)
  object space 61440K, 3% used [0x00000000a6200000,0x00000000a63e56a0,0x00000000a9e00000)
 Metaspace       used 12310K, capacity 12462K, committed 12672K, reserved 1060864K
  class space    used 1536K, capacity 1609K, committed 1664K, reserved 1048576K
}
Event: 6,707 GC heap before
{Heap before GC invocations=9 (full 0):
 PSYoungGen      total 191488K, used 188932K [0x00000000e2100000, 0x00000000edf00000, 0x0000000100000000)
  eden space 188416K, 99% used [0x00000000e2100000,0x00000000ed8e9db8,0x00000000ed900000)
  from space 3072K, 19% used [0x00000000edc00000,0x00000000edc97288,0x00000000edf00000)
  to   space 3072K, 0% used [0x00000000ed900000,0x00000000ed900000,0x00000000edc00000)
 ParOldGen       total 61440K, used 1941K [0x00000000a6200000, 0x00000000a9e00000, 0x00000000e2100000)
  object space 61440K, 3% used [0x00000000a6200000,0x00000000a63e56a0,0x00000000a9e00000)
 Metaspace       used 12311K, capacity 12462K, committed 12672K, reserved 1060864K
  class space    used 1536K, capacity 1609K, committed 1664K, reserved 1048576K
Event: 6,709 GC heap after
Heap after GC invocations=9 (full 0):
 PSYoungGen      total 191488K, used 240K [0x00000000e2100000, 0x00000000f4e80000, 0x0000000100000000)
  eden space 188416K, 0% used [0x00000000e2100000,0x00000000e2100000,0x00000000ed900000)
  from space 3072K, 7% used [0x00000000ed900000,0x00000000ed93c278,0x00000000edc00000)
  to   space 3584K, 0% used [0x00000000f4b00000,0x00000000f4b00000,0x00000000f4e80000)
 ParOldGen       total 61440K, used 1957K [0x00000000a6200000, 0x00000000a9e00000, 0x00000000e2100000)
  object space 61440K, 3% used [0x00000000a6200000,0x00000000a63e96a0,0x00000000a9e00000)
 Metaspace       used 12311K, capacity 12462K, committed 12672K, reserved 1060864K
  class space    used 1536K, capacity 1609K, committed 1664K, reserved 1048576K
}
Event: 6,738 GC heap before
{Heap before GC invocations=10 (full 0):
 PSYoungGen      total 191488K, used 188606K [0x00000000e2100000, 0x00000000f4e80000, 0x0000000100000000)
  eden space 188416K, 99% used [0x00000000e2100000,0x00000000ed8f36f0,0x00000000ed900000)
  from space 3072K, 7% used [0x00000000ed900000,0x00000000ed93c278,0x00000000edc00000)
  to   space 3584K, 0% used [0x00000000f4b00000,0x00000000f4b00000,0x00000000f4e80000)
 ParOldGen       total 61440K, used 1957K [0x00000000a6200000, 0x00000000a9e00000, 0x00000000e2100000)
  object space 61440K, 3% used [0x00000000a6200000,0x00000000a63e96a0,0x00000000a9e00000)
 Metaspace       used 12311K, capacity 12462K, committed 12672K, reserved 1060864K
  class space    used 1536K, capacity 1609K, committed 1664K, reserved 1048576K
Event: 6,739 GC heap after
Heap after GC invocations=10 (full 0):
 PSYoungGen      total 305152K, used 692K [0x00000000e2100000, 0x00000000f4e80000, 0x0000000100000000)
  eden space 301568K, 0% used [0x00000000e2100000,0x00000000e2100000,0x00000000f4780000)
  from space 3584K, 19% used [0x00000000f4b00000,0x00000000f4bad010,0x00000000f4e80000)
  to   space 3584K, 0% used [0x00000000f4780000,0x00000000f4780000,0x00000000f4b00000)
 ParOldGen       total 61440K, used 1965K [0x00000000a6200000, 0x00000000a9e00000, 0x00000000e2100000)
  object space 61440K, 3% used [0x00000000a6200000,0x00000000a63eb6a0,0x00000000a9e00000)
 Metaspace       used 12311K, capacity 12462K, committed 12672K, reserved 1060864K
  class space    used 1536K, capacity 1609K, committed 1664K, reserved 1048576K
}
Event: 11,184 GC heap before
{Heap before GC invocations=11 (full 0):
 PSYoungGen      total 305152K, used 302200K [0x00000000e2100000, 0x00000000f4e80000, 0x0000000100000000)
  eden space 301568K, 99% used [0x00000000e2100000,0x00000000f4771030,0x00000000f4780000)
  from space 3584K, 19% used [0x00000000f4b00000,0x00000000f4bad010,0x00000000f4e80000)
  to   space 3584K, 0% used [0x00000000f4780000,0x00000000f4780000,0x00000000f4b00000)
 ParOldGen       total 61440K, used 1965K [0x00000000a6200000, 0x00000000a9e00000, 0x00000000e2100000)
  object space 61440K, 3% used [0x00000000a6200000,0x00000000a63eb6a0,0x00000000a9e00000)
 Metaspace       used 12311K, capacity 12462K, committed 12672K, reserved 1060864K
  class space    used 1536K, capacity 1609K, committed 1664K, reserved 1048576K

