# JRE version: Java(TM) SE Runtime Environment (8.0_171-b11) (build 1.8.0_171-b11)
# Java VM: Java HotSpot(TM) 64-Bit Server VM (25.171-b11 mixed mode linux-amd64 compressed oops)
Heap:
 PSYoungGen      total 305152K, used 683K [0x00000000e2100000, 0x00000000f4e80000, 0x0000000100000000)
  eden space 301568K, 0% used [0x00000000e2100000,0x00000000e2100000,0x00000000f4780000)
  from space 3584K, 19% used [0x00000000f4780000,0x00000000f482afc0,0x00000000f4b00000)
  to   space 3584K, 0% used [0x00000000f4b00000,0x00000000f4b00000,0x00000000f4e80000)
 ParOldGen       total 61440K, used 1968K [0x00000000a6200000, 0x00000000a9e00000, 0x00000000e2100000)
  object space 61440K, 3% used [0x00000000a6200000,0x00000000a63ec258,0x00000000a9e00000)
 Metaspace       used 12313K, capacity 12520K, committed 12672K, reserved 1060864K
  class space    used 1535K, capacity 1608K, committed 1664K, reserved 1048576K
GC Heap History (10 events):
Event: 11,585 GC heap after
Heap after GC invocations=6 (full 0):
 PSYoungGen      total 96768K, used 2109K [0x00000000e2100000, 0x00000000e8200000, 0x0000000100000000)
  eden space 94208K, 0% used [0x00000000e2100000,0x00000000e2100000,0x00000000e7d00000)
  from space 2560K, 82% used [0x00000000e7f80000,0x00000000e818f400,0x00000000e8200000)
  to   space 2560K, 0% used [0x00000000e7d00000,0x00000000e7d00000,0x00000000e7f80000)
 ParOldGen       total 61440K, used 40K [0x00000000a6200000, 0x00000000a9e00000, 0x00000000e2100000)
  object space 61440K, 0% used [0x00000000a6200000,0x00000000a620a000,0x00000000a9e00000)
 Metaspace       used 12308K, capacity 12456K, committed 12672K, reserved 1060864K
  class space    used 1535K, capacity 1608K, committed 1664K, reserved 1048576K
}
Event: 11,893 GC heap before
{Heap before GC invocations=7 (full 0):
 PSYoungGen      total 96768K, used 96251K [0x00000000e2100000, 0x00000000e8200000, 0x0000000100000000)
  eden space 94208K, 99% used [0x00000000e2100000,0x00000000e7cefbc0,0x00000000e7d00000)
  from space 2560K, 82% used [0x00000000e7f80000,0x00000000e818f400,0x00000000e8200000)
  to   space 2560K, 0% used [0x00000000e7d00000,0x00000000e7d00000,0x00000000e7f80000)
 ParOldGen       total 61440K, used 40K [0x00000000a6200000, 0x00000000a9e00000, 0x00000000e2100000)
  object space 61440K, 0% used [0x00000000a6200000,0x00000000a620a000,0x00000000a9e00000)
 Metaspace       used 12312K, capacity 12520K, committed 12672K, reserved 1060864K
  class space    used 1535K, capacity 1608K, committed 1664K, reserved 1048576K
Event: 11,904 GC heap after
Heap after GC invocations=7 (full 0):
 PSYoungGen      total 96768K, used 405K [0x00000000e2100000, 0x00000000edf00000, 0x0000000100000000)
  eden space 94208K, 0% used [0x00000000e2100000,0x00000000e2100000,0x00000000e7d00000)
  from space 2560K, 15% used [0x00000000e7d00000,0x00000000e7d65780,0x00000000e7f80000)
  to   space 3072K, 0% used [0x00000000edc00000,0x00000000edc00000,0x00000000edf00000)
 ParOldGen       total 61440K, used 1888K [0x00000000a6200000, 0x00000000a9e00000, 0x00000000e2100000)
  object space 61440K, 3% used [0x00000000a6200000,0x00000000a63d8228,0x00000000a9e00000)
 Metaspace       used 12312K, capacity 12520K, committed 12672K, reserved 1060864K
  class space    used 1535K, capacity 1608K, committed 1664K, reserved 1048576K
}
Event: 11,926 GC heap before
{Heap before GC invocations=8 (full 0):
 PSYoungGen      total 96768K, used 94552K [0x00000000e2100000, 0x00000000edf00000, 0x0000000100000000)
  eden space 94208K, 99% used [0x00000000e2100000,0x00000000e7cf0b80,0x00000000e7d00000)
  from space 2560K, 15% used [0x00000000e7d00000,0x00000000e7d65780,0x00000000e7f80000)
  to   space 3072K, 0% used [0x00000000edc00000,0x00000000edc00000,0x00000000edf00000)
 ParOldGen       total 61440K, used 1888K [0x00000000a6200000, 0x00000000a9e00000, 0x00000000e2100000)
  object space 61440K, 3% used [0x00000000a6200000,0x00000000a63d8228,0x00000000a9e00000)
 Metaspace       used 12312K, capacity 12520K, committed 12672K, reserved 1060864K
  class space    used 1535K, capacity 1608K, committed 1664K, reserved 1048576K
Event: 11,927 GC heap after
Heap after GC invocations=8 (full 0):
 PSYoungGen      total 191488K, used 604K [0x00000000e2100000, 0x00000000edf00000, 0x0000000100000000)
  eden space 188416K, 0% used [0x00000000e2100000,0x00000000e2100000,0x00000000ed900000)
  from space 3072K, 19% used [0x00000000edc00000,0x00000000edc97288,0x00000000edf00000)
  to   space 3072K, 0% used [0x00000000ed900000,0x00000000ed900000,0x00000000edc00000)
 ParOldGen       total 61440K, used 1896K [0x00000000a6200000, 0x00000000a9e00000, 0x00000000e2100000)
  object space 61440K, 3% used [0x00000000a6200000,0x00000000a63da228,0x00000000a9e00000)
 Metaspace       used 12312K, capacity 12520K, committed 12672K, reserved 1060864K
  class space    used 1535K, capacity 1608K, committed 1664K, reserved 1048576K
}
Event: 17,125 GC heap before
{Heap before GC invocations=9 (full 0):
 PSYoungGen      total 191488K, used 188906K [0x00000000e2100000, 0x00000000edf00000, 0x0000000100000000)
  eden space 188416K, 99% used [0x00000000e2100000,0x00000000ed8e35c0,0x00000000ed900000)
  from space 3072K, 19% used [0x00000000edc00000,0x00000000edc97288,0x00000000edf00000)
  to   space 3072K, 0% used [0x00000000ed900000,0x00000000ed900000,0x00000000edc00000)
 ParOldGen       total 61440K, used 1896K [0x00000000a6200000, 0x00000000a9e00000, 0x00000000e2100000)
  object space 61440K, 3% used [0x00000000a6200000,0x00000000a63da228,0x00000000a9e00000)
 Metaspace       used 12312K, capacity 12520K, committed 12672K, reserved 1060864K
  class space    used 1535K, capacity 1608K, committed 1664K, reserved 1048576K
Event: 17,206 GC heap after
Heap after GC invocations=9 (full 0):
 PSYoungGen      total 191488K, used 256K [0x00000000e2100000, 0x00000000f4e80000, 0x0000000100000000)
  eden space 188416K, 0% used [0x00000000e2100000,0x00000000e2100000,0x00000000ed900000)
  from space 3072K, 8% used [0x00000000ed900000,0x00000000ed940268,0x00000000edc00000)
  to   space 3584K, 0% used [0x00000000f4b00000,0x00000000f4b00000,0x00000000f4e80000)
 ParOldGen       total 61440K, used 1920K [0x00000000a6200000, 0x00000000a9e00000, 0x00000000e2100000)
  object space 61440K, 3% used [0x00000000a6200000,0x00000000a63e0228,0x00000000a9e00000)
 Metaspace       used 12312K, capacity 12520K, committed 12672K, reserved 1060864K
  class space    used 1535K, capacity 1608K, committed 1664K, reserved 1048576K
}
Event: 17,277 GC heap before
{Heap before GC invocations=10 (full 0):
 PSYoungGen      total 191488K, used 188562K [0x00000000e2100000, 0x00000000f4e80000, 0x0000000100000000)
  eden space 188416K, 99% used [0x00000000e2100000,0x00000000ed8e47f0,0x00000000ed900000)
  from space 3072K, 8% used [0x00000000ed900000,0x00000000ed940268,0x00000000edc00000)
  to   space 3584K, 0% used [0x00000000f4b00000,0x00000000f4b00000,0x00000000f4e80000)
 ParOldGen       total 61440K, used 1920K [0x00000000a6200000, 0x00000000a9e00000, 0x00000000e2100000)
  object space 61440K, 3% used [0x00000000a6200000,0x00000000a63e0228,0x00000000a9e00000)
 Metaspace       used 12312K, capacity 12520K, committed 12672K, reserved 1060864K
  class space    used 1535K, capacity 1608K, committed 1664K, reserved 1048576K
Event: 17,278 GC heap after
Heap after GC invocations=10 (full 0):
 PSYoungGen      total 305152K, used 692K [0x00000000e2100000, 0x00000000f4e80000, 0x0000000100000000)
  eden space 301568K, 0% used [0x00000000e2100000,0x00000000e2100000,0x00000000f4780000)
  from space 3584K, 19% used [0x00000000f4b00000,0x00000000f4bad010,0x00000000f4e80000)
  to   space 3584K, 0% used [0x00000000f4780000,0x00000000f4780000,0x00000000f4b00000)
 ParOldGen       total 61440K, used 1928K [0x00000000a6200000, 0x00000000a9e00000, 0x00000000e2100000)
  object space 61440K, 3% used [0x00000000a6200000,0x00000000a63e2228,0x00000000a9e00000)
 Metaspace       used 12312K, capacity 12520K, committed 12672K, reserved 1060864K
  class space    used 1535K, capacity 1608K, committed 1664K, reserved 1048576K
}
Event: 37,752 GC heap before
{Heap before GC invocations=11 (full 0):
 PSYoungGen      total 305152K, used 302091K [0x00000000e2100000, 0x00000000f4e80000, 0x0000000100000000)
  eden space 301568K, 99% used [0x00000000e2100000,0x00000000f4755c58,0x00000000f4780000)
  from space 3584K, 19% used [0x00000000f4b00000,0x00000000f4bad010,0x00000000f4e80000)
  to   space 3584K, 0% used [0x00000000f4780000,0x00000000f4780000,0x00000000f4b00000)
 ParOldGen       total 61440K, used 1928K [0x00000000a6200000, 0x00000000a9e00000, 0x00000000e2100000)
  object space 61440K, 3% used [0x00000000a6200000,0x00000000a63e2228,0x00000000a9e00000)
 Metaspace       used 12313K, capacity 12520K, committed 12672K, reserved 1060864K
  class space    used 1535K, capacity 1608K, committed 1664K, reserved 1048576K

