# JRE version: Java(TM) SE Runtime Environment (8.0_171-b11) (build 1.8.0_171-b11)
# Java VM: Java HotSpot(TM) 64-Bit Server VM (25.171-b11 mixed mode linux-amd64 compressed oops)
Heap:
 PSYoungGen      total 305152K, used 683K [0x00000000e2100000, 0x00000000f4e80000, 0x0000000100000000)
  eden space 301568K, 0% used [0x00000000e2100000,0x00000000e2100000,0x00000000f4780000)
  from space 3584K, 19% used [0x00000000f4780000,0x00000000f482afc0,0x00000000f4b00000)
  to   space 3584K, 0% used [0x00000000f4b00000,0x00000000f4b00000,0x00000000f4e80000)
 ParOldGen       total 61440K, used 1952K [0x00000000a6200000, 0x00000000a9e00000, 0x00000000e2100000)
  object space 61440K, 3% used [0x00000000a6200000,0x00000000a63e83a8,0x00000000a9e00000)
 Metaspace       used 12317K, capacity 12524K, committed 12672K, reserved 1060864K
  class space    used 1535K, capacity 1608K, committed 1664K, reserved 1048576K
GC Heap History (10 events):
Event: 5,836 GC heap after
Heap after GC invocations=6 (full 0):
 PSYoungGen      total 96768K, used 2056K [0x00000000e2100000, 0x00000000e8200000, 0x0000000100000000)
  eden space 94208K, 0% used [0x00000000e2100000,0x00000000e2100000,0x00000000e7d00000)
  from space 2560K, 80% used [0x00000000e7f80000,0x00000000e81823d0,0x00000000e8200000)
  to   space 2560K, 0% used [0x00000000e7d00000,0x00000000e7d00000,0x00000000e7f80000)
 ParOldGen       total 61440K, used 24K [0x00000000a6200000, 0x00000000a9e00000, 0x00000000e2100000)
  object space 61440K, 0% used [0x00000000a6200000,0x00000000a6206000,0x00000000a9e00000)
 Metaspace       used 12305K, capacity 12456K, committed 12672K, reserved 1060864K
  class space    used 1535K, capacity 1608K, committed 1664K, reserved 1048576K
}
Event: 5,881 GC heap before
{Heap before GC invocations=7 (full 0):
 PSYoungGen      total 96768K, used 96264K [0x00000000e2100000, 0x00000000e8200000, 0x0000000100000000)
  eden space 94208K, 100% used [0x00000000e2100000,0x00000000e7d00000,0x00000000e7d00000)
  from space 2560K, 80% used [0x00000000e7f80000,0x00000000e81823d0,0x00000000e8200000)
  to   space 2560K, 0% used [0x00000000e7d00000,0x00000000e7d00000,0x00000000e7f80000)
 ParOldGen       total 61440K, used 24K [0x00000000a6200000, 0x00000000a9e00000, 0x00000000e2100000)
  object space 61440K, 0% used [0x00000000a6200000,0x00000000a6206000,0x00000000a9e00000)
 Metaspace       used 12309K, capacity 12456K, committed 12672K, reserved 1060864K
  class space    used 1535K, capacity 1608K, committed 1664K, reserved 1048576K
Event: 5,885 GC heap after
Heap after GC invocations=7 (full 0):
 PSYoungGen      total 96768K, used 357K [0x00000000e2100000, 0x00000000edf00000, 0x0000000100000000)
  eden space 94208K, 0% used [0x00000000e2100000,0x00000000e2100000,0x00000000e7d00000)
  from space 2560K, 13% used [0x00000000e7d00000,0x00000000e7d59790,0x00000000e7f80000)
  to   space 3072K, 0% used [0x00000000edc00000,0x00000000edc00000,0x00000000edf00000)
 ParOldGen       total 61440K, used 1872K [0x00000000a6200000, 0x00000000a9e00000, 0x00000000e2100000)
  object space 61440K, 3% used [0x00000000a6200000,0x00000000a63d4378,0x00000000a9e00000)
 Metaspace       used 12309K, capacity 12456K, committed 12672K, reserved 1060864K
  class space    used 1535K, capacity 1608K, committed 1664K, reserved 1048576K
}
Event: 5,903 GC heap before
{Heap before GC invocations=8 (full 0):
 PSYoungGen      total 96768K, used 94495K [0x00000000e2100000, 0x00000000edf00000, 0x0000000100000000)
  eden space 94208K, 99% used [0x00000000e2100000,0x00000000e7cee850,0x00000000e7d00000)
  from space 2560K, 13% used [0x00000000e7d00000,0x00000000e7d59790,0x00000000e7f80000)
  to   space 3072K, 0% used [0x00000000edc00000,0x00000000edc00000,0x00000000edf00000)
 ParOldGen       total 61440K, used 1872K [0x00000000a6200000, 0x00000000a9e00000, 0x00000000e2100000)
  object space 61440K, 3% used [0x00000000a6200000,0x00000000a63d4378,0x00000000a9e00000)
 Metaspace       used 12309K, capacity 12456K, committed 12672K, reserved 1060864K
  class space    used 1535K, capacity 1608K, committed 1664K, reserved 1048576K
Event: 5,904 GC heap after
Heap after GC invocations=8 (full 0):
 PSYoungGen      total 191488K, used 588K [0x00000000e2100000, 0x00000000edf00000, 0x0000000100000000)
  eden space 188416K, 0% used [0x00000000e2100000,0x00000000e2100000,0x00000000ed900000)
  from space 3072K, 19% used [0x00000000edc00000,0x00000000edc93298,0x00000000edf00000)
  to   space 3072K, 0% used [0x00000000ed900000,0x00000000ed900000,0x00000000edc00000)
 ParOldGen       total 61440K, used 1872K [0x00000000a6200000, 0x00000000a9e00000, 0x00000000e2100000)
  object space 61440K, 3% used [0x00000000a6200000,0x00000000a63d4378,0x00000000a9e00000)
 Metaspace       used 12309K, capacity 12456K, committed 12672K, reserved 1060864K
  class space    used 1535K, capacity 1608K, committed 1664K, reserved 1048576K
}
Event: 6,034 GC heap before
{Heap before GC invocations=9 (full 0):
 PSYoungGen      total 191488K, used 188931K [0x00000000e2100000, 0x00000000edf00000, 0x0000000100000000)
  eden space 188416K, 99% used [0x00000000e2100000,0x00000000ed8edd58,0x00000000ed900000)
  from space 3072K, 19% used [0x00000000edc00000,0x00000000edc93298,0x00000000edf00000)
  to   space 3072K, 0% used [0x00000000ed900000,0x00000000ed900000,0x00000000edc00000)
 ParOldGen       total 61440K, used 1872K [0x00000000a6200000, 0x00000000a9e00000, 0x00000000e2100000)
  object space 61440K, 3% used [0x00000000a6200000,0x00000000a63d4378,0x00000000a9e00000)
 Metaspace       used 12309K, capacity 12456K, committed 12672K, reserved 1060864K
  class space    used 1535K, capacity 1608K, committed 1664K, reserved 1048576K
Event: 6,035 GC heap after
Heap after GC invocations=9 (full 0):
 PSYoungGen      total 191488K, used 369K [0x00000000e2100000, 0x00000000f4e80000, 0x0000000100000000)
  eden space 188416K, 0% used [0x00000000e2100000,0x00000000e2100000,0x00000000ed900000)
  from space 3072K, 12% used [0x00000000ed900000,0x00000000ed95c500,0x00000000edc00000)
  to   space 3584K, 0% used [0x00000000f4b00000,0x00000000f4b00000,0x00000000f4e80000)
 ParOldGen       total 61440K, used 1896K [0x00000000a6200000, 0x00000000a9e00000, 0x00000000e2100000)
  object space 61440K, 3% used [0x00000000a6200000,0x00000000a63da378,0x00000000a9e00000)
 Metaspace       used 12309K, capacity 12456K, committed 12672K, reserved 1060864K
  class space    used 1535K, capacity 1608K, committed 1664K, reserved 1048576K
}
Event: 6,067 GC heap before
{Heap before GC invocations=10 (full 0):
 PSYoungGen      total 191488K, used 188664K [0x00000000e2100000, 0x00000000f4e80000, 0x0000000100000000)
  eden space 188416K, 99% used [0x00000000e2100000,0x00000000ed8e1bb0,0x00000000ed900000)
  from space 3072K, 12% used [0x00000000ed900000,0x00000000ed95c500,0x00000000edc00000)
  to   space 3584K, 0% used [0x00000000f4b00000,0x00000000f4b00000,0x00000000f4e80000)
 ParOldGen       total 61440K, used 1896K [0x00000000a6200000, 0x00000000a9e00000, 0x00000000e2100000)
  object space 61440K, 3% used [0x00000000a6200000,0x00000000a63da378,0x00000000a9e00000)
 Metaspace       used 12309K, capacity 12456K, committed 12672K, reserved 1060864K
  class space    used 1535K, capacity 1608K, committed 1664K, reserved 1048576K
Event: 6,068 GC heap after
Heap after GC invocations=10 (full 0):
 PSYoungGen      total 305152K, used 692K [0x00000000e2100000, 0x00000000f4e80000, 0x0000000100000000)
  eden space 301568K, 0% used [0x00000000e2100000,0x00000000e2100000,0x00000000f4780000)
  from space 3584K, 19% used [0x00000000f4b00000,0x00000000f4bad010,0x00000000f4e80000)
  to   space 3584K, 0% used [0x00000000f4780000,0x00000000f4780000,0x00000000f4b00000)
 ParOldGen       total 61440K, used 1904K [0x00000000a6200000, 0x00000000a9e00000, 0x00000000e2100000)
  object space 61440K, 3% used [0x00000000a6200000,0x00000000a63dc378,0x00000000a9e00000)
 Metaspace       used 12309K, capacity 12456K, committed 12672K, reserved 1060864K
  class space    used 1535K, capacity 1608K, committed 1664K, reserved 1048576K
}
Event: 17,417 GC heap before
{Heap before GC invocations=11 (full 0):
 PSYoungGen      total 305152K, used 302154K [0x00000000e2100000, 0x00000000f4e80000, 0x0000000100000000)
  eden space 301568K, 99% used [0x00000000e2100000,0x00000000f47659b0,0x00000000f4780000)
  from space 3584K, 19% used [0x00000000f4b00000,0x00000000f4bad010,0x00000000f4e80000)
  to   space 3584K, 0% used [0x00000000f4780000,0x00000000f4780000,0x00000000f4b00000)
 ParOldGen       total 61440K, used 1904K [0x00000000a6200000, 0x00000000a9e00000, 0x00000000e2100000)
  object space 61440K, 3% used [0x00000000a6200000,0x00000000a63dc378,0x00000000a9e00000)
 Metaspace       used 12317K, capacity 12524K, committed 12672K, reserved 1060864K
  class space    used 1535K, capacity 1608K, committed 1664K, reserved 1048576K

